14:45:43 **** Incremental Build of configuration Debug for project digittest ****
make all 
Building target: digittest
Invoking: GCC C++ Linker
g++ -L"/home/hsr/workspaces/ws2/7digit/Release" -L"/home/hsr/workspaces/ws2/7digit/Debug" -o "digittest"  ./src/Test.o   -l7digit
./src/Test.o: In function `test0()':
/home/hsr/workspaces/ws2/digittest/Debug/../src/Test.cpp:10: undefined reference to `printLargeDigit(unsigned int, unsigned int, std::ostream&)'
./src/Test.o: In function `test5()':
/home/hsr/workspaces/ws2/digittest/Debug/../src/Test.cpp:16: undefined reference to `printLargeDigit(unsigned int, unsigned int, std::ostream&)'
./src/Test.o: In function `test9()':
/home/hsr/workspaces/ws2/digittest/Debug/../src/Test.cpp:22: undefined reference to `printLargeDigit(unsigned int, unsigned int, std::ostream&)'
./src/Test.o: In function `test9size2()':
/home/hsr/workspaces/ws2/digittest/Debug/../src/Test.cpp:28: undefined reference to `printLargeDigit(unsigned int, unsigned int, std::ostream&)'
./src/Test.o: In function `test59()':
/home/hsr/workspaces/ws2/digittest/Debug/../src/Test.cpp:34: undefined reference to `printMultipleLargeDigits(unsigned int, unsigned int, std::ostream&)'
./src/Test.o: In function `testOutOfBounds()':
/home/hsr/workspaces/ws2/digittest/Debug/../src/Test.cpp:40: undefined reference to `printLargeDigit(unsigned int, unsigned int, std::ostream&)'
collect2: error: ld returned 1 exit status
make: *** [digittest] Error 1

14:45:43 Build Finished (took 236ms)

