10:21:24 **** Build of configuration Debug for project manTestDigit ****
make all 
Building file: ../t.cpp
Invoking: GCC C++ Compiler
g++ -O0 -g3 -Wall -c -fmessage-length=0 -MMD -MP -MF"t.d" -MT"t.d" -o "t.o" "../t.cpp"
../t.cpp:1:23: fatal error: src/digit.h: No such file or directory
 #include "src/digit.h"
                       ^
compilation terminated.
make: *** [t.o] Error 1

10:21:24 Build Finished (took 73ms)

